<?xml version="1.0" encoding="UTF-8"?>
<testsuite xmlns:xsi="http://www.w3.org/2001/XMLSchema-instance" xsi:noNamespaceSchemaLocation="https://maven.apache.org/surefire/maven-surefire-plugin/xsd/surefire-test-report.xsd" name="examples.RunnerAllTest" time="24.283" tests="11" errors="0" skipped="0" failures="0">
  <properties>
[...]
</properties>
  <testcase name="[1:16] Create a label, update it and delete it" classname="[examples/features/labels] sample karate test script" time="2.673"/>
  <testcase name="[1:17] get all projects of a user" classname="[examples/features/tasks] sample karate test script" time="0.717"/>
  <testcase name="[2:24] Add a new Project and add a new task to it and delete" classname="[examples/features/tasks] sample karate test script" time="2.017"/>
  <testcase name="[3:44] Add a project, add a task and Change task due date,delete project" classname="[examples/features/tasks] sample karate test script" time="2.827"/>
  <testcase name="[4:70] Add a project, add a task and close it, reopen it" classname="[examples/features/tasks] sample karate test script" time="2.674"/>
  <testcase name="[1:101] testing" classname="[examples/hooks/AfterScenario] This feature file is used for communication with TestRail" time="0.035"/>
  <testcase name="[1:16] Create a label, update it and delete it" classname="[examples/users/labels] sample karate test script" time="2.086"/>
  <testcase name="[1:17] get all projects of a user" classname="[examples/users/tasks] sample karate test script" time="0.245"/>
  <testcase name="[2:24] Add a new Project and add a new task to it and delete" classname="[examples/users/tasks] sample karate test script" time="2.222"/>
  <testcase name="[3:44] Add a project, add a task and Change task due date,delete project" classname="[examples/users/tasks] sample karate test script" time="2.973"/>
  <testcase name="[4:70] Add a project, add a task and close it, reopen it" classname="[examples/users/tasks] sample karate test script" time="3.017"/>
</testsuite>